{"C:\\Users\\pavan\\OneDrive\\Desktop\\sports-scheduler\\database.js": {"path":"C:\\Users\\pavan\\OneDrive\\Desktop\\sports-scheduler\\database.js","statementMap":{"0":{"start":{"line":2,"column":17},"end":{"line":2,"column":30}},"1":{"start":{"line":3,"column":0},"end":{"line":3,"column":27}},"2":{"start":{"line":5,"column":13},"end":{"line":11,"column":2}},"3":{"start":{"line":13,"column":0},"end":{"line":13,"column":22}}},"fnMap":{},"branchMap":{},"s":{"0":1,"1":1,"2":1,"3":1},"f":{},"b":{},"inputSourceMap":null,"_coverageSchema":"1a1c01bbd47fc00a2c39e90264f33305004495a9","hash":"2652f8f801f86e8e22f837b44ca4eb38bd0f8e4c"}
,"C:\\Users\\pavan\\OneDrive\\Desktop\\sports-scheduler\\server.js": {"path":"C:\\Users\\pavan\\OneDrive\\Desktop\\sports-scheduler\\server.js","statementMap":{"0":{"start":{"line":1,"column":16},"end":{"line":1,"column":34}},"1":{"start":{"line":2,"column":19},"end":{"line":2,"column":41}},"2":{"start":{"line":3,"column":16},"end":{"line":3,"column":42}},"3":{"start":{"line":4,"column":15},"end":{"line":4,"column":34}},"4":{"start":{"line":5,"column":13},"end":{"line":5,"column":34}},"5":{"start":{"line":6,"column":0},"end":{"line":6,"column":27}},"6":{"start":{"line":8,"column":12},"end":{"line":8,"column":21}},"7":{"start":{"line":9,"column":0},"end":{"line":9,"column":30}},"8":{"start":{"line":10,"column":0},"end":{"line":10,"column":51}},"9":{"start":{"line":11,"column":0},"end":{"line":11,"column":34}},"10":{"start":{"line":12,"column":0},"end":{"line":16,"column":4}},"11":{"start":{"line":20,"column":4},"end":{"line":22,"column":5}},"12":{"start":{"line":21,"column":8},"end":{"line":21,"column":22}},"13":{"start":{"line":23,"column":4},"end":{"line":23,"column":27}},"14":{"start":{"line":28,"column":4},"end":{"line":30,"column":5}},"15":{"start":{"line":29,"column":8},"end":{"line":29,"column":22}},"16":{"start":{"line":31,"column":4},"end":{"line":31,"column":27}},"17":{"start":{"line":35,"column":0},"end":{"line":37,"column":3}},"18":{"start":{"line":36,"column":4},"end":{"line":36,"column":24}},"19":{"start":{"line":39,"column":0},"end":{"line":41,"column":3}},"20":{"start":{"line":40,"column":4},"end":{"line":40,"column":24}},"21":{"start":{"line":43,"column":0},"end":{"line":70,"column":3}},"22":{"start":{"line":44,"column":35},"end":{"line":44,"column":43}},"23":{"start":{"line":45,"column":4},"end":{"line":69,"column":5}},"24":{"start":{"line":46,"column":27},"end":{"line":46,"column":98}},"25":{"start":{"line":47,"column":8},"end":{"line":64,"column":9}},"26":{"start":{"line":48,"column":25},"end":{"line":48,"column":43}},"27":{"start":{"line":49,"column":34},"end":{"line":49,"column":79}},"28":{"start":{"line":50,"column":12},"end":{"line":63,"column":13}},"29":{"start":{"line":51,"column":16},"end":{"line":55,"column":18}},"30":{"start":{"line":57,"column":16},"end":{"line":61,"column":17}},"31":{"start":{"line":58,"column":20},"end":{"line":58,"column":53}},"32":{"start":{"line":60,"column":20},"end":{"line":60,"column":54}},"33":{"start":{"line":62,"column":16},"end":{"line":62,"column":23}},"34":{"start":{"line":65,"column":8},"end":{"line":65,"column":71}},"35":{"start":{"line":67,"column":8},"end":{"line":67,"column":27}},"36":{"start":{"line":68,"column":8},"end":{"line":68,"column":79}},"37":{"start":{"line":72,"column":0},"end":{"line":74,"column":3}},"38":{"start":{"line":73,"column":4},"end":{"line":73,"column":27}},"39":{"start":{"line":76,"column":0},"end":{"line":87,"column":3}},"40":{"start":{"line":77,"column":41},"end":{"line":77,"column":49}},"41":{"start":{"line":78,"column":27},"end":{"line":78,"column":58}},"42":{"start":{"line":80,"column":4},"end":{"line":86,"column":5}},"43":{"start":{"line":81,"column":8},"end":{"line":81,"column":127}},"44":{"start":{"line":82,"column":8},"end":{"line":82,"column":31}},"45":{"start":{"line":84,"column":8},"end":{"line":84,"column":27}},"46":{"start":{"line":85,"column":8},"end":{"line":85,"column":81}},"47":{"start":{"line":89,"column":0},"end":{"line":97,"column":3}},"48":{"start":{"line":90,"column":4},"end":{"line":96,"column":5}},"49":{"start":{"line":91,"column":29},"end":{"line":91,"column":69}},"50":{"start":{"line":92,"column":8},"end":{"line":92,"column":69}},"51":{"start":{"line":94,"column":8},"end":{"line":94,"column":27}},"52":{"start":{"line":95,"column":8},"end":{"line":95,"column":89}},"53":{"start":{"line":99,"column":0},"end":{"line":111,"column":3}},"54":{"start":{"line":100,"column":65},"end":{"line":100,"column":73}},"55":{"start":{"line":101,"column":4},"end":{"line":110,"column":5}},"56":{"start":{"line":102,"column":8},"end":{"line":105,"column":10}},"57":{"start":{"line":106,"column":8},"end":{"line":106,"column":41}},"58":{"start":{"line":108,"column":8},"end":{"line":108,"column":27}},"59":{"start":{"line":109,"column":8},"end":{"line":109,"column":89}},"60":{"start":{"line":113,"column":0},"end":{"line":123,"column":3}},"61":{"start":{"line":114,"column":4},"end":{"line":122,"column":5}},"62":{"start":{"line":115,"column":29},"end":{"line":115,"column":69}},"63":{"start":{"line":116,"column":35},"end":{"line":116,"column":136}},"64":{"start":{"line":117,"column":31},"end":{"line":117,"column":79}},"65":{"start":{"line":117,"column":66},"end":{"line":117,"column":78}},"66":{"start":{"line":118,"column":8},"end":{"line":118,"column":86}},"67":{"start":{"line":120,"column":8},"end":{"line":120,"column":27}},"68":{"start":{"line":121,"column":8},"end":{"line":121,"column":90}},"69":{"start":{"line":125,"column":0},"end":{"line":134,"column":3}},"70":{"start":{"line":126,"column":24},"end":{"line":126,"column":32}},"71":{"start":{"line":127,"column":4},"end":{"line":133,"column":5}},"72":{"start":{"line":128,"column":8},"end":{"line":128,"column":150}},"73":{"start":{"line":129,"column":8},"end":{"line":129,"column":42}},"74":{"start":{"line":131,"column":8},"end":{"line":131,"column":27}},"75":{"start":{"line":132,"column":8},"end":{"line":132,"column":90}},"76":{"start":{"line":136,"column":0},"end":{"line":144,"column":3}},"77":{"start":{"line":137,"column":4},"end":{"line":143,"column":7}},"78":{"start":{"line":138,"column":8},"end":{"line":140,"column":9}},"79":{"start":{"line":139,"column":12},"end":{"line":139,"column":37}},"80":{"start":{"line":141,"column":8},"end":{"line":141,"column":31}},"81":{"start":{"line":142,"column":8},"end":{"line":142,"column":31}},"82":{"start":{"line":147,"column":0},"end":{"line":156,"column":3}},"83":{"start":{"line":148,"column":20},"end":{"line":148,"column":36}},"84":{"start":{"line":149,"column":4},"end":{"line":155,"column":5}},"85":{"start":{"line":150,"column":8},"end":{"line":150,"column":72}},"86":{"start":{"line":151,"column":8},"end":{"line":151,"column":41}},"87":{"start":{"line":153,"column":8},"end":{"line":153,"column":27}},"88":{"start":{"line":154,"column":8},"end":{"line":154,"column":92}},"89":{"start":{"line":159,"column":0},"end":{"line":168,"column":3}},"90":{"start":{"line":160,"column":20},"end":{"line":160,"column":33}},"91":{"start":{"line":161,"column":4},"end":{"line":167,"column":5}},"92":{"start":{"line":162,"column":22},"end":{"line":162,"column":87}},"93":{"start":{"line":163,"column":8},"end":{"line":163,"column":59}},"94":{"start":{"line":165,"column":8},"end":{"line":165,"column":27}},"95":{"start":{"line":166,"column":8},"end":{"line":166,"column":92}},"96":{"start":{"line":171,"column":0},"end":{"line":184,"column":3}},"97":{"start":{"line":172,"column":20},"end":{"line":172,"column":33}},"98":{"start":{"line":173,"column":65},"end":{"line":173,"column":73}},"99":{"start":{"line":174,"column":4},"end":{"line":183,"column":5}},"100":{"start":{"line":175,"column":8},"end":{"line":178,"column":10}},"101":{"start":{"line":179,"column":8},"end":{"line":179,"column":41}},"102":{"start":{"line":181,"column":8},"end":{"line":181,"column":27}},"103":{"start":{"line":182,"column":8},"end":{"line":182,"column":92}},"104":{"start":{"line":187,"column":0},"end":{"line":189,"column":3}},"105":{"start":{"line":188,"column":4},"end":{"line":188,"column":28}},"106":{"start":{"line":191,"column":0},"end":{"line":193,"column":3}},"107":{"start":{"line":192,"column":4},"end":{"line":192,"column":59}},"108":{"start":{"line":195,"column":0},"end":{"line":195,"column":21}}},"fnMap":{"0":{"name":"checkAuthenticated","decl":{"start":{"line":19,"column":9},"end":{"line":19,"column":27}},"loc":{"start":{"line":19,"column":44},"end":{"line":24,"column":1}},"line":19},"1":{"name":"checkAdmin","decl":{"start":{"line":27,"column":9},"end":{"line":27,"column":19}},"loc":{"start":{"line":27,"column":36},"end":{"line":32,"column":1}},"line":27},"2":{"name":"(anonymous_2)","decl":{"start":{"line":35,"column":13},"end":{"line":35,"column":14}},"loc":{"start":{"line":35,"column":27},"end":{"line":37,"column":1}},"line":35},"3":{"name":"(anonymous_3)","decl":{"start":{"line":39,"column":18},"end":{"line":39,"column":19}},"loc":{"start":{"line":39,"column":32},"end":{"line":41,"column":1}},"line":39},"4":{"name":"(anonymous_4)","decl":{"start":{"line":43,"column":19},"end":{"line":43,"column":20}},"loc":{"start":{"line":43,"column":39},"end":{"line":70,"column":1}},"line":43},"5":{"name":"(anonymous_5)","decl":{"start":{"line":72,"column":21},"end":{"line":72,"column":22}},"loc":{"start":{"line":72,"column":35},"end":{"line":74,"column":1}},"line":72},"6":{"name":"(anonymous_6)","decl":{"start":{"line":76,"column":22},"end":{"line":76,"column":23}},"loc":{"start":{"line":76,"column":42},"end":{"line":87,"column":1}},"line":76},"7":{"name":"(anonymous_7)","decl":{"start":{"line":89,"column":60},"end":{"line":89,"column":61}},"loc":{"start":{"line":89,"column":80},"end":{"line":97,"column":1}},"line":89},"8":{"name":"(anonymous_8)","decl":{"start":{"line":99,"column":61},"end":{"line":99,"column":62}},"loc":{"start":{"line":99,"column":81},"end":{"line":111,"column":1}},"line":99},"9":{"name":"(anonymous_9)","decl":{"start":{"line":113,"column":49},"end":{"line":113,"column":50}},"loc":{"start":{"line":113,"column":69},"end":{"line":123,"column":1}},"line":113},"10":{"name":"(anonymous_10)","decl":{"start":{"line":117,"column":59},"end":{"line":117,"column":60}},"loc":{"start":{"line":117,"column":66},"end":{"line":117,"column":78}},"line":117},"11":{"name":"(anonymous_11)","decl":{"start":{"line":125,"column":44},"end":{"line":125,"column":45}},"loc":{"start":{"line":125,"column":64},"end":{"line":134,"column":1}},"line":125},"12":{"name":"(anonymous_12)","decl":{"start":{"line":136,"column":19},"end":{"line":136,"column":20}},"loc":{"start":{"line":136,"column":33},"end":{"line":144,"column":1}},"line":136},"13":{"name":"(anonymous_13)","decl":{"start":{"line":137,"column":24},"end":{"line":137,"column":25}},"loc":{"start":{"line":137,"column":31},"end":{"line":143,"column":5}},"line":137},"14":{"name":"(anonymous_14)","decl":{"start":{"line":147,"column":58},"end":{"line":147,"column":59}},"loc":{"start":{"line":147,"column":78},"end":{"line":156,"column":1}},"line":147},"15":{"name":"(anonymous_15)","decl":{"start":{"line":159,"column":59},"end":{"line":159,"column":60}},"loc":{"start":{"line":159,"column":79},"end":{"line":168,"column":1}},"line":159},"16":{"name":"(anonymous_16)","decl":{"start":{"line":171,"column":60},"end":{"line":171,"column":61}},"loc":{"start":{"line":171,"column":80},"end":{"line":184,"column":1}},"line":171},"17":{"name":"(anonymous_17)","decl":{"start":{"line":187,"column":54},"end":{"line":187,"column":55}},"loc":{"start":{"line":187,"column":68},"end":{"line":189,"column":1}},"line":187},"18":{"name":"(anonymous_18)","decl":{"start":{"line":191,"column":17},"end":{"line":191,"column":18}},"loc":{"start":{"line":191,"column":23},"end":{"line":193,"column":1}},"line":191}},"branchMap":{"0":{"loc":{"start":{"line":20,"column":4},"end":{"line":22,"column":5}},"type":"if","locations":[{"start":{"line":20,"column":4},"end":{"line":22,"column":5}},{"start":{},"end":{}}],"line":20},"1":{"loc":{"start":{"line":28,"column":4},"end":{"line":30,"column":5}},"type":"if","locations":[{"start":{"line":28,"column":4},"end":{"line":30,"column":5}},{"start":{},"end":{}}],"line":28},"2":{"loc":{"start":{"line":28,"column":8},"end":{"line":28,"column":61}},"type":"binary-expr","locations":[{"start":{"line":28,"column":8},"end":{"line":28,"column":24}},{"start":{"line":28,"column":28},"end":{"line":28,"column":61}}],"line":28},"3":{"loc":{"start":{"line":47,"column":8},"end":{"line":64,"column":9}},"type":"if","locations":[{"start":{"line":47,"column":8},"end":{"line":64,"column":9}},{"start":{},"end":{}}],"line":47},"4":{"loc":{"start":{"line":50,"column":12},"end":{"line":63,"column":13}},"type":"if","locations":[{"start":{"line":50,"column":12},"end":{"line":63,"column":13}},{"start":{},"end":{}}],"line":50},"5":{"loc":{"start":{"line":57,"column":16},"end":{"line":61,"column":17}},"type":"if","locations":[{"start":{"line":57,"column":16},"end":{"line":61,"column":17}},{"start":{"line":59,"column":23},"end":{"line":61,"column":17}}],"line":57},"6":{"loc":{"start":{"line":138,"column":8},"end":{"line":140,"column":9}},"type":"if","locations":[{"start":{"line":138,"column":8},"end":{"line":140,"column":9}},{"start":{},"end":{}}],"line":138}},"s":{"0":1,"1":1,"2":1,"3":1,"4":1,"5":1,"6":1,"7":1,"8":1,"9":1,"10":1,"11":0,"12":0,"13":0,"14":0,"15":0,"16":0,"17":1,"18":0,"19":1,"20":0,"21":1,"22":3,"23":3,"24":3,"25":3,"26":2,"27":2,"28":2,"29":2,"30":2,"31":1,"32":1,"33":2,"34":1,"35":0,"36":0,"37":1,"38":0,"39":1,"40":0,"41":0,"42":0,"43":0,"44":0,"45":0,"46":0,"47":1,"48":0,"49":0,"50":0,"51":0,"52":0,"53":1,"54":0,"55":0,"56":0,"57":0,"58":0,"59":0,"60":1,"61":0,"62":0,"63":0,"64":0,"65":0,"66":0,"67":0,"68":0,"69":1,"70":0,"71":0,"72":0,"73":0,"74":0,"75":0,"76":1,"77":0,"78":0,"79":0,"80":0,"81":0,"82":1,"83":0,"84":0,"85":0,"86":0,"87":0,"88":0,"89":1,"90":0,"91":0,"92":0,"93":0,"94":0,"95":0,"96":1,"97":0,"98":0,"99":0,"100":0,"101":0,"102":0,"103":0,"104":1,"105":0,"106":1,"107":1,"108":1},"f":{"0":0,"1":0,"2":0,"3":0,"4":3,"5":0,"6":0,"7":0,"8":0,"9":0,"10":0,"11":0,"12":0,"13":0,"14":0,"15":0,"16":0,"17":0,"18":1},"b":{"0":[0,0],"1":[0,0],"2":[0,0],"3":[2,1],"4":[2,0],"5":[1,1],"6":[0,0]},"inputSourceMap":null,"_coverageSchema":"1a1c01bbd47fc00a2c39e90264f33305004495a9","hash":"a200f381d113dbbb2f41d1010db1df567697b905"}
}
