TN:
SF:database.js
FNF:0
FNH:0
DA:2,1
DA:3,1
DA:5,1
DA:13,1
LF:4
LH:4
BRF:0
BRH:0
end_of_record
TN:
SF:server.js
FN:19,checkAuthenticated
FN:27,checkAdmin
FN:35,(anonymous_2)
FN:39,(anonymous_3)
FN:43,(anonymous_4)
FN:72,(anonymous_5)
FN:76,(anonymous_6)
FN:89,(anonymous_7)
FN:99,(anonymous_8)
FN:113,(anonymous_9)
FN:117,(anonymous_10)
FN:125,(anonymous_11)
FN:136,(anonymous_12)
FN:137,(anonymous_13)
FN:147,(anonymous_14)
FN:159,(anonymous_15)
FN:171,(anonymous_16)
FN:187,(anonymous_17)
FN:191,(anonymous_18)
FNF:19
FNH:2
FNDA:0,checkAuthenticated
FNDA:0,checkAdmin
FNDA:0,(anonymous_2)
FNDA:0,(anonymous_3)
FNDA:3,(anonymous_4)
FNDA:0,(anonymous_5)
FNDA:0,(anonymous_6)
FNDA:0,(anonymous_7)
FNDA:0,(anonymous_8)
FNDA:0,(anonymous_9)
FNDA:0,(anonymous_10)
FNDA:0,(anonymous_11)
FNDA:0,(anonymous_12)
FNDA:0,(anonymous_13)
FNDA:0,(anonymous_14)
FNDA:0,(anonymous_15)
FNDA:0,(anonymous_16)
FNDA:0,(anonymous_17)
FNDA:1,(anonymous_18)
DA:1,1
DA:2,1
DA:3,1
DA:4,1
DA:5,1
DA:6,1
DA:8,1
DA:9,1
DA:10,1
DA:11,1
DA:12,1
DA:20,0
DA:21,0
DA:23,0
DA:28,0
DA:29,0
DA:31,0
DA:35,1
DA:36,0
DA:39,1
DA:40,0
DA:43,1
DA:44,3
DA:45,3
DA:46,3
DA:47,3
DA:48,2
DA:49,2
DA:50,2
DA:51,2
DA:57,2
DA:58,1
DA:60,1
DA:62,2
DA:65,1
DA:67,0
DA:68,0
DA:72,1
DA:73,0
DA:76,1
DA:77,0
DA:78,0
DA:80,0
DA:81,0
DA:82,0
DA:84,0
DA:85,0
DA:89,1
DA:90,0
DA:91,0
DA:92,0
DA:94,0
DA:95,0
DA:99,1
DA:100,0
DA:101,0
DA:102,0
DA:106,0
DA:108,0
DA:109,0
DA:113,1
DA:114,0
DA:115,0
DA:116,0
DA:117,0
DA:118,0
DA:120,0
DA:121,0
DA:125,1
DA:126,0
DA:127,0
DA:128,0
DA:129,0
DA:131,0
DA:132,0
DA:136,1
DA:137,0
DA:138,0
DA:139,0
DA:141,0
DA:142,0
DA:147,1
DA:148,0
DA:149,0
DA:150,0
DA:151,0
DA:153,0
DA:154,0
DA:159,1
DA:160,0
DA:161,0
DA:162,0
DA:163,0
DA:165,0
DA:166,0
DA:171,1
DA:172,0
DA:173,0
DA:174,0
DA:175,0
DA:179,0
DA:181,0
DA:182,0
DA:187,1
DA:188,0
DA:191,1
DA:192,1
DA:195,1
LF:108
LH:41
BRDA:20,0,0,0
BRDA:20,0,1,0
BRDA:28,1,0,0
BRDA:28,1,1,0
BRDA:28,2,0,0
BRDA:28,2,1,0
BRDA:47,3,0,2
BRDA:47,3,1,1
BRDA:50,4,0,2
BRDA:50,4,1,0
BRDA:57,5,0,1
BRDA:57,5,1,1
BRDA:138,6,0,0
BRDA:138,6,1,0
BRF:14
BRH:5
end_of_record
